#
# There is insufficient memory for the Java Runtime Environment to continue.
# Native memory allocation (mmap) failed to map 266338304 bytes for G1 virtual space
# Possible reasons:
#   The system is out of physical RAM or swap space
#   The process is running with CompressedOops enabled, and the Java Heap may be blocking the growth of the native heap
# Possible solutions:
#   Reduce memory load on the system
#   Increase physical memory or swap space
#   Check if swap backing store is full
#   Decrease Java heap size (-Xmx/-Xms)
#   Decrease number of Java threads
#   Decrease Java thread stack sizes (-Xss)
#   Set larger code cache with -XX:ReservedCodeCacheSize=
#   JVM is running with Zero Based Compressed Oops mode in which the Java heap is
#     placed in the first 32GB address space. The Java Heap base address is the
#     maximum limit for the native heap growth. Please use -XX:HeapBaseMinAddress
#     to set the Java Heap base and to place the Java Heap above 32GB virtual address.
# This output file may be truncated or incomplete.
#
#  Out of Memory Error (os_windows.cpp:3550), pid=11584, tid=17104
#
# JRE version:  (17.0.7+8) (build )
# Java VM: Java HotSpot(TM) 64-Bit Server VM (17.0.7+8-LTS-224, mixed mode, sharing, tiered, compressed oops, compressed class ptrs, g1 gc, windows-amd64)
# No core dump will be written. Minidumps are not enabled by default on client versions of Windows
#

---------------  S U M M A R Y ------------

Command Line: -javaagent:C:\Program Files\JetBrains\IntelliJ IDEA Community Edition 2024.3.2.2\lib\idea_rt.jar=58340:C:\Program Files\JetBrains\IntelliJ IDEA Community Edition 2024.3.2.2\bin -Dfile.encoding=UTF-8 org.bank_deatils.Main

Host: Intel(R) Core(TM) i5-8365U CPU @ 1.60GHz, 8 cores, 15G,  Windows 10 , 64 bit Build 19041 (10.0.19041.2364)
Time: Sat May 10 12:19:58 2025 India Standard Time elapsed time: 0.014021 seconds (0d 0h 0m 0s)

---------------  T H R E A D  ---------------

Current thread (0x0000020522191c50):  JavaThread "Unknown thread" [_thread_in_vm, id=17104, stack(0x00000048a4e00000,0x00000048a4f00000)]

Stack: [0x00000048a4e00000,0x00000048a4f00000]
Native frames: (J=compiled Java code, j=interpreted, Vv=VM code, C=native code)
V  [jvm.dll+0x676a4a]
V  [jvm.dll+0x7d74f4]
V  [jvm.dll+0x7d8c9e]
V  [jvm.dll+0x7d9303]
V  [jvm.dll+0x2452c5]
V  [jvm.dll+0x6738f9]
V  [jvm.dll+0x668232]
V  [jvm.dll+0x302826]
V  [jvm.dll+0x309da6]
V  [jvm.dll+0x35952e]
V  [jvm.dll+0x35975f]
V  [jvm.dll+0x2d9a38]
V  [jvm.dll+0x2da9a4]
V  [jvm.dll+0x7a8fb1]
V  [jvm.dll+0x3670e1]
V  [jvm.dll+0x788359]
V  [jvm.dll+0x3ea5ef]
V  [jvm.dll+0x3ec071]
C  [jli.dll+0x5297]
C  [ucrtbase.dll+0x21bb2]
C  [KERNEL32.DLL+0x17614]
C  [ntdll.dll+0x526a1]


---------------  P R O C E S S  ---------------

Threads class SMR info:
_java_thread_list=0x00007ffa5cc14998, length=0, elements={
}

Java Threads: ( => current thread )

Other Threads:
  0x00000205221fd2d0 GCTaskThread "GC Thread#0" [stack: 0x00000048a4f00000,0x00000048a5000000] [id=14068]
  0x000002052220ee40 ConcurrentGCThread "G1 Main Marker" [stack: 0x00000048a5000000,0x00000048a5100000] [id=19052]
  0x0000020522210f10 ConcurrentGCThread "G1 Conc#0" [stack: 0x00000048a5100000,0x00000048a5200000] [id=17396]

[error occurred during error reporting (printing all threads), id 0xc0000005, EXCEPTION_ACCESS_VIOLATION (0xc0000005) at pc=0x00007ffa5c44a697]

VM state: not at safepoint (not fully initialized)

VM Mutex/Monitor currently owned by a thread:  ([mutex/lock_event])
[0x000002052218b2e0] Heap_lock - owner thread: 0x0000020522191c50

Heap address: 0x0000000702e00000, size: 4050 MB, Compressed Oops mode: Zero based, Oop shift amount: 3

CDS archive(s) mapped at: [0x0000000000000000-0x0000000000000000-0x0000000000000000), size 0, SharedBaseAddress: 0x0000000800000000, ArchiveRelocationMode: 0.
Narrow klass base: 0x0000000000000000, Narrow klass shift: 0, Narrow klass range: 0x0

GC Precious Log:
<Empty>

Heap:
 garbage-first heap   total 0K, used 0K [0x0000000702e00000, 0x0000000800000000)
  region size 2048K, 0 young (0K), 0 survivors (0K)

[error occurred during error reporting (printing heap information), id 0xc0000005, EXCEPTION_ACCESS_VIOLATION (0xc0000005) at pc=0x00007ffa5c8300b9]

GC Heap History (0 events):
No events

Deoptimization events (0 events):
No events

Classes unloaded (0 events):
No events

Classes redefined (0 events):
No events

Internal exceptions (0 events):
No events

VM Operations (0 events):
No events

Events (1 events):
Event: 0.008 Loaded shared library C:\Program Files\Java\jdk-17\bin\java.dll


Dynamic libraries:
0x00007ff699ee0000 - 0x00007ff699ef0000 	C:\Program Files\Java\jdk-17\bin\java.exe
0x00007ffb07030000 - 0x00007ffb07228000 	C:\Windows\SYSTEM32\ntdll.dll
0x00007ffb06d70000 - 0x00007ffb06e2f000 	C:\Windows\System32\KERNEL32.DLL
0x00007ffb049f0000 - 0x00007ffb04cc2000 	C:\Windows\System32\KERNELBASE.dll
0x00007ffb048f0000 - 0x00007ffb049f0000 	C:\Windows\System32\ucrtbase.dll
0x00007ffaeea60000 - 0x00007ffaeea79000 	C:\Program Files\Java\jdk-17\bin\jli.dll
0x00007ffaee990000 - 0x00007ffaee9ab000 	C:\Program Files\Java\jdk-17\bin\VCRUNTIME140.dll
0x00007ffb05420000 - 0x00007ffb054ce000 	C:\Windows\System32\ADVAPI32.dll
0x00007ffb05540000 - 0x00007ffb055de000 	C:\Windows\System32\msvcrt.dll
0x00007ffb05970000 - 0x00007ffb05a0c000 	C:\Windows\System32\sechost.dll
0x00007ffb06e30000 - 0x00007ffb06f55000 	C:\Windows\System32\RPCRT4.dll
0x00007ffb06300000 - 0x00007ffb064a1000 	C:\Windows\System32\USER32.dll
0x00007ffaef830000 - 0x00007ffaefaca000 	C:\Windows\WinSxS\amd64_microsoft.windows.common-controls_6595b64144ccf1df_6.0.19041.1110_none_60b5254171f9507e\COMCTL32.dll
0x00007ffb05040000 - 0x00007ffb05062000 	C:\Windows\System32\win32u.dll
0x00007ffb06ce0000 - 0x00007ffb06d0b000 	C:\Windows\System32\GDI32.dll
0x00007ffb04750000 - 0x00007ffb0485f000 	C:\Windows\System32\gdi32full.dll
0x00007ffb04fa0000 - 0x00007ffb0503d000 	C:\Windows\System32\msvcp_win.dll
0x00007ffafa5e0000 - 0x00007ffafa5ea000 	C:\Windows\SYSTEM32\VERSION.dll
0x00007ffb05690000 - 0x00007ffb056c2000 	C:\Windows\System32\IMM32.DLL
0x00007ffaee980000 - 0x00007ffaee98c000 	C:\Program Files\Java\jdk-17\bin\vcruntime140_1.dll
0x00007ffa9d1b0000 - 0x00007ffa9d23e000 	C:\Program Files\Java\jdk-17\bin\msvcp140.dll
0x00007ffa5c160000 - 0x00007ffa5cd3d000 	C:\Program Files\Java\jdk-17\bin\server\jvm.dll
0x00007ffb062f0000 - 0x00007ffb062f8000 	C:\Windows\System32\PSAPI.DLL
0x00007ffae3cb0000 - 0x00007ffae3cb9000 	C:\Windows\SYSTEM32\WSOCK32.dll
0x00007ffae9a40000 - 0x00007ffae9a67000 	C:\Windows\SYSTEM32\WINMM.dll
0x00007ffb056d0000 - 0x00007ffb0573b000 	C:\Windows\System32\WS2_32.dll
0x00007ffb030e0000 - 0x00007ffb030f2000 	C:\Windows\SYSTEM32\kernel.appcore.dll
0x00007ffadcb50000 - 0x00007ffadcb5a000 	C:\Program Files\Java\jdk-17\bin\jimage.dll
0x00007ffafeea0000 - 0x00007ffaff084000 	C:\Windows\SYSTEM32\DBGHELP.DLL
0x00007ffae53f0000 - 0x00007ffae5425000 	C:\Windows\SYSTEM32\dbgcore.DLL
0x00007ffb04860000 - 0x00007ffb048e2000 	C:\Windows\System32\bcryptPrimitives.dll
0x00007ffaf8fe0000 - 0x00007ffaf8fee000 	C:\Program Files\Java\jdk-17\bin\instrument.dll
0x00007ffad6ac0000 - 0x00007ffad6ae5000 	C:\Program Files\Java\jdk-17\bin\java.dll

dbghelp: loaded successfully - version: 4.0.5 - missing functions: none
symbol engine: initialized successfully - sym options: 0x614 - pdb path: .;C:\Program Files\Java\jdk-17\bin;C:\Windows\SYSTEM32;C:\Windows\WinSxS\amd64_microsoft.windows.common-controls_6595b64144ccf1df_6.0.19041.1110_none_60b5254171f9507e;C:\Program Files\Java\jdk-17\bin\server

VM Arguments:
jvm_args: -javaagent:C:\Program Files\JetBrains\IntelliJ IDEA Community Edition 2024.3.2.2\lib\idea_rt.jar=58340:C:\Program Files\JetBrains\IntelliJ IDEA Community Edition 2024.3.2.2\bin -Dfile.encoding=UTF-8 
java_command: org.bank_deatils.Main
java_class_path (initial): E:\Bank_details_hibernate\target\classes;C:\Users\girish.k\.m2\repository\org\postgresql\postgresql\42.7.4\postgresql-42.7.4.jar;C:\Users\girish.k\.m2\repository\org\checkerframework\checker-qual\3.42.0\checker-qual-3.42.0.jar;C:\Users\girish.k\.m2\repository\org\hibernate\orm\hibernate-core\7.0.0.Beta3\hibernate-core-7.0.0.Beta3.jar;C:\Users\girish.k\.m2\repository\jakarta\persistence\jakarta.persistence-api\3.2.0\jakarta.persistence-api-3.2.0.jar;C:\Users\girish.k\.m2\repository\jakarta\transaction\jakarta.transaction-api\2.0.1\jakarta.transaction-api-2.0.1.jar;C:\Users\girish.k\.m2\repository\org\jboss\logging\jboss-logging\3.6.1.Final\jboss-logging-3.6.1.Final.jar;C:\Users\girish.k\.m2\repository\org\hibernate\models\hibernate-models\0.9.3\hibernate-models-0.9.3.jar;C:\Users\girish.k\.m2\repository\com\fasterxml\classmate\1.7.0\classmate-1.7.0.jar;C:\Users\girish.k\.m2\repository\net\bytebuddy\byte-buddy\1.15.10\byte-buddy-1.15.10.jar;C:\Users\girish.k\.m2\repository\jakarta\xml\bind\jakarta.xml.bind-api\4.0.2\jakarta.xml.bind-api-4.0.2.jar;C:\Users\girish.k\.m2\repository\jakarta\activation\jakarta.activation-api\2.1.3\jakarta.activation-api-2.1.3.jar;C:\Users\girish.k\.m2\repository\org\glassfish\jaxb\jaxb-runtime\4.0.5\jaxb-runtime-4.0.5.jar;C:\Users\girish.k\.m2\repository\org\glassfish\jaxb\jaxb-core\4.0.5\jaxb-core-4.0.5.jar;C:\Users\girish.k\.m2\repository\org\eclipse\angus\angus-activation\2.0.2\angus-activation-2.0.2.jar;C:\Users\girish.k\.m2\repository\org\glassfish\jaxb\txw2\4.0.5\txw2-4.0.5.jar;C:\Users\girish.k\.m2\repository\com\sun\istack\istack-commons-runtime\4.1.2\istack-commons-runtime-4.1.2.jar;C:\Users\girish.k\.m2\repository\jakarta\inject\jakarta.inject-api\2.0.1\jakarta.inject-api-2.0.1.jar;C:\Users\girish.k\.m2\repository\org\antlr\antlr4-runtime\4.13.2\antlr4-runtime-4.13.2.jar
Launcher Type: SUN_STANDARD

[Global flags]
     intx CICompilerCount                          = 4                                         {product} {ergonomic}
     uint ConcGCThreads                            = 2                                         {product} {ergonomic}
     uint G1ConcRefinementThreads                  = 8                                         {product} {ergonomic}
   size_t G1HeapRegionSize                         = 2097152                                   {product} {ergonomic}
    uintx GCDrainStackTargetSize                   = 64                                        {product} {ergonomic}
   size_t InitialHeapSize                          = 266338304                                 {product} {ergonomic}
   size_t MarkStackSize                            = 4194304                                   {product} {ergonomic}
   size_t MaxHeapSize                              = 4246732800                                {product} {ergonomic}
   size_t MinHeapDeltaBytes                        = 2097152                                   {product} {ergonomic}
   size_t MinHeapSize                              = 8388608                                   {product} {ergonomic}
    uintx NonNMethodCodeHeapSize                   = 5839372                                {pd product} {ergonomic}
    uintx NonProfiledCodeHeapSize                  = 122909434                              {pd product} {ergonomic}
    uintx ProfiledCodeHeapSize                     = 122909434                              {pd product} {ergonomic}
    uintx ReservedCodeCacheSize                    = 251658240                              {pd product} {ergonomic}
     bool SegmentedCodeCache                       = true                                      {product} {ergonomic}
   size_t SoftMaxHeapSize                          = 4246732800                             {manageable} {ergonomic}
     bool UseCompressedClassPointers               = true                           {product lp64_product} {ergonomic}
     bool UseCompressedOops                        = true                           {product lp64_product} {ergonomic}
     bool UseG1GC                                  = true                                      {product} {ergonomic}
     bool UseLargePagesIndividualAllocation        = false                                  {pd product} {ergonomic}

Logging:
Log output configuration:
 #0: stdout all=warning uptime,level,tags
 #1: stderr all=off uptime,level,tags

Environment Variables:
JAVA_HOME=C:\Program Files\Java\jdk-17
PATH=C:\Windows\system32;C:\Windows;C:\Windows\System32\Wbem;C:\Windows\System32\WindowsPowerShell\v1.0\;C:\Windows\System32\OpenSSH\;C:\Program Files\dotnet\;C:\Program Files\Microsoft SQL Server\150\Tools\Binn\;C:\Program Files\Microsoft SQL Server\Client SDK\ODBC\170\Tools\Binn\;C:\Program Files\Common Files\Oracle\Java\javapath;C:\Users\girish.k\Desktop\sonar-scanner-cli-4.8.0.2856-windows\bin;C:\xampp\php;C:\ProgramData\ComposerSetup\bin;C:\Program Files\nodejs\;C:\Program Files\MySQL\MySQL Server 8.0\bin;C:\Users\girish.k\AppData\Local\Microsoft\WindowsApps;C:\Users\girish.k\AppData\Local\Programs\Microsoft VS Code\bin;C:\Users\girish.k\AppData\Local\Programs\Git\cmd;C:\Users\girish.k\AppData\Roaming\npm
USERNAME=girish.k
OS=Windows_NT
PROCESSOR_IDENTIFIER=Intel64 Family 6 Model 142 Stepping 12, GenuineIntel



---------------  S Y S T E M  ---------------

OS:
 Windows 10 , 64 bit Build 19041 (10.0.19041.2364)
OS uptime: 2 days 13:26 hours

CPU: total 8 (initial active 8) (4 cores per cpu, 2 threads per core) family 6 model 142 stepping 12 microcode 0xf0, cx8, cmov, fxsr, ht, mmx, 3dnowpref, sse, sse2, sse3, ssse3, sse4.1, sse4.2, popcnt, lzcnt, tsc, tscinvbit, avx, avx2, aes, erms, clmul, bmi1, bmi2, adx, fma, vzeroupper, clflush, clflushopt

Memory: 4k page, system-wide physical 16194M (2715M free)
TotalPageFile size 23568M (AvailPageFile size 30M)
current process WorkingSet (physical memory assigned to process): 10M, peak: 10M
current process commit charge ("private bytes"): 60M, peak: 314M

vm_info: Java HotSpot(TM) 64-Bit Server VM (17.0.7+8-LTS-224) for windows-amd64 JRE (17.0.7+8-LTS-224), built on Feb 28 2023 23:03:02 by "mach5one" with MS VC++ 17.1 (VS2022)

END.
