#
# There is insufficient memory for the Java Runtime Environment to continue.
# Native memory allocation (malloc) failed to allocate 497296 bytes for Chunk::new
# Possible reasons:
#   The system is out of physical RAM or swap space
#   The process is running with CompressedOops enabled, and the Java Heap may be blocking the growth of the native heap
# Possible solutions:
#   Reduce memory load on the system
#   Increase physical memory or swap space
#   Check if swap backing store is full
#   Decrease Java heap size (-Xmx/-Xms)
#   Decrease number of Java threads
#   Decrease Java thread stack sizes (-Xss)
#   Set larger code cache with -XX:ReservedCodeCacheSize=
#   JVM is running with Zero Based Compressed Oops mode in which the Java heap is
#     placed in the first 32GB address space. The Java Heap base address is the
#     maximum limit for the native heap growth. Please use -XX:HeapBaseMinAddress
#     to set the Java Heap base and to place the Java Heap above 32GB virtual address.
# This output file may be truncated or incomplete.
#
#  Out of Memory Error (arena.cpp:189), pid=7828, tid=23780
#
# JRE version: Java(TM) SE Runtime Environment (17.0.7+8) (build 17.0.7+8-LTS-224)
# Java VM: Java HotSpot(TM) 64-Bit Server VM (17.0.7+8-LTS-224, mixed mode, sharing, tiered, compressed oops, compressed class ptrs, g1 gc, windows-amd64)
# No core dump will be written. Minidumps are not enabled by default on client versions of Windows
#

---------------  S U M M A R Y ------------

Command Line: -javaagent:C:\Program Files\JetBrains\IntelliJ IDEA Community Edition 2024.3.2.2\lib\idea_rt.jar=57762:C:\Program Files\JetBrains\IntelliJ IDEA Community Edition 2024.3.2.2\bin -Dfile.encoding=UTF-8 org.bank_deatils.Main

Host: Intel(R) Core(TM) i5-8365U CPU @ 1.60GHz, 8 cores, 15G,  Windows 10 , 64 bit Build 19041 (10.0.19041.2364)
Time: Sat May 10 12:12:22 2025 India Standard Time elapsed time: 0.488409 seconds (0d 0h 0m 0s)

---------------  T H R E A D  ---------------

Current thread (0x000001a4f473e800):  JavaThread "C2 CompilerThread0" daemon [_thread_in_native, id=23780, stack(0x000000855f100000,0x000000855f200000)]


Current CompileTask:
C2:    488  943   !   4       jdk.internal.loader.URLClassPath$JarLoader::getResource (65 bytes)

Stack: [0x000000855f100000,0x000000855f200000]
Native frames: (J=compiled Java code, j=interpreted, Vv=VM code, C=native code)
V  [jvm.dll+0x676a4a]
V  [jvm.dll+0x7d74f4]
V  [jvm.dll+0x7d8c9e]
V  [jvm.dll+0x7d9303]
V  [jvm.dll+0x2452c5]
V  [jvm.dll+0xaaa2b]
V  [jvm.dll+0xaafcc]
V  [jvm.dll+0x2aac2f]
V  [jvm.dll+0x57f375]
V  [jvm.dll+0x2205f2]
V  [jvm.dll+0x2209cf]
V  [jvm.dll+0x219926]
V  [jvm.dll+0x216df9]
V  [jvm.dll+0x1a35e0]
V  [jvm.dll+0x226a6e]
V  [jvm.dll+0x224e15]
V  [jvm.dll+0x78d05c]
V  [jvm.dll+0x78759a]
V  [jvm.dll+0x675875]
C  [ucrtbase.dll+0x21bb2]
C  [KERNEL32.DLL+0x17614]
C  [ntdll.dll+0x526a1]


---------------  P R O C E S S  ---------------

Threads class SMR info:
_java_thread_list=0x000001a4f5354640, length=14, elements={
0x000001a4d1a8ed40, 0x000001a4f4722860, 0x000001a4f4726590, 0x000001a4f4736130,
0x000001a4f4738a00, 0x000001a4f47393b0, 0x000001a4f473a570, 0x000001a4f473e800,
0x000001a4f47416b0, 0x000001a4f474a0b0, 0x000001a4f470ea20, 0x000001a4f52971f0,
0x000001a4f532d6f0, 0x000001a4f531d020
}

Java Threads: ( => current thread )
  0x000001a4d1a8ed40 JavaThread "main" [_thread_in_vm, id=21864, stack(0x000000855e400000,0x000000855e500000)]
  0x000001a4f4722860 JavaThread "Reference Handler" daemon [_thread_blocked, id=22212, stack(0x000000855eb00000,0x000000855ec00000)]
  0x000001a4f4726590 JavaThread "Finalizer" daemon [_thread_blocked, id=10820, stack(0x000000855ec00000,0x000000855ed00000)]
  0x000001a4f4736130 JavaThread "Signal Dispatcher" daemon [_thread_blocked, id=6400, stack(0x000000855ed00000,0x000000855ee00000)]
  0x000001a4f4738a00 JavaThread "Attach Listener" daemon [_thread_blocked, id=23996, stack(0x000000855ee00000,0x000000855ef00000)]
  0x000001a4f47393b0 JavaThread "Service Thread" daemon [_thread_blocked, id=13884, stack(0x000000855ef00000,0x000000855f000000)]
  0x000001a4f473a570 JavaThread "Monitor Deflation Thread" daemon [_thread_blocked, id=7940, stack(0x000000855f000000,0x000000855f100000)]
=>0x000001a4f473e800 JavaThread "C2 CompilerThread0" daemon [_thread_in_native, id=23780, stack(0x000000855f100000,0x000000855f200000)]
  0x000001a4f47416b0 JavaThread "C1 CompilerThread0" daemon [_thread_blocked, id=12636, stack(0x000000855f200000,0x000000855f300000)]
  0x000001a4f474a0b0 JavaThread "Sweeper thread" daemon [_thread_blocked, id=12276, stack(0x000000855f300000,0x000000855f400000)]
  0x000001a4f470ea20 JavaThread "Common-Cleaner" daemon [_thread_blocked, id=19500, stack(0x000000855f400000,0x000000855f500000)]
  0x000001a4f52971f0 JavaThread "C2 CompilerThread1" daemon [_thread_in_native, id=2064, stack(0x000000855f500000,0x000000855f600000)]
  0x000001a4f532d6f0 JavaThread "Monitor Ctrl-Break" daemon [_thread_in_native, id=15372, stack(0x000000855f600000,0x000000855f700000)]
  0x000001a4f531d020 JavaThread "Notification Thread" daemon [_thread_blocked, id=16992, stack(0x000000855f700000,0x000000855f800000)]

Other Threads:
  0x000001a4f471d860 VMThread "VM Thread" [stack: 0x000000855ea00000,0x000000855eb00000] [id=20084]
  0x000001a4f532dbc0 WatcherThread [stack: 0x000000855f800000,0x000000855f900000] [id=16748]
  0x000001a4d1afa2b0 GCTaskThread "GC Thread#0" [stack: 0x000000855e500000,0x000000855e600000] [id=20388]
  0x000001a4d1b0af00 ConcurrentGCThread "G1 Main Marker" [stack: 0x000000855e600000,0x000000855e700000] [id=6336]
  0x000001a4d1b0c0b0 ConcurrentGCThread "G1 Conc#0" [stack: 0x000000855e700000,0x000000855e800000] [id=23960]
  0x000001a4f45e30e0 ConcurrentGCThread "G1 Refine#0" [stack: 0x000000855e800000,0x000000855e900000] [id=17300]
  0x000001a4f45e3b00 ConcurrentGCThread "G1 Service" [stack: 0x000000855e900000,0x000000855ea00000] [id=12320]

Threads with active compile tasks:
C2 CompilerThread0      515  943   !   4       jdk.internal.loader.URLClassPath$JarLoader::getResource (65 bytes)
C2 CompilerThread1      515  939       4       java.util.jar.JarFile::getEntry (35 bytes)

VM state: not at safepoint (normal execution)

VM Mutex/Monitor currently owned by a thread:  ([mutex/lock_event])
[0x000001a4d1a88170] Metaspace_lock - owner thread: 0x000001a4d1a8ed40
[0x000001a4d1a89f00] MultiArray_lock - owner thread: 0x000001a4d1a8ed40

Heap address: 0x0000000702e00000, size: 4050 MB, Compressed Oops mode: Zero based, Oop shift amount: 3

CDS archive(s) mapped at: [0x0000000800000000-0x0000000800bd0000-0x0000000800bd0000), size 12386304, SharedBaseAddress: 0x0000000800000000, ArchiveRelocationMode: 0.
Compressed class space mapped at: 0x0000000800c00000-0x0000000840c00000, reserved size: 1073741824
Narrow klass base: 0x0000000800000000, Narrow klass shift: 0, Narrow klass range: 0x100000000

GC Precious Log:
 CPUs: 8 total, 8 available
 Memory: 16194M
 Large Page Support: Disabled
 NUMA Support: Disabled
 Compressed Oops: Enabled (Zero based)
 Heap Region Size: 2M
 Heap Min Capacity: 8M
 Heap Initial Capacity: 254M
 Heap Max Capacity: 4050M
 Pre-touch: Disabled
 Parallel Workers: 8
 Concurrent Workers: 2
 Concurrent Refinement Workers: 8
 Periodic GC: Disabled

Heap:
 garbage-first heap   total 260096K, used 18432K [0x0000000702e00000, 0x0000000800000000)
  region size 2048K, 11 young (22528K), 0 survivors (0K)
 Metaspace       used 6634K, committed 6720K, reserved 1056768K
  class space    used 799K, committed 832K, reserved 1048576K

Heap Regions: E=young(eden), S=young(survivor), O=old, HS=humongous(starts), HC=humongous(continues), CS=collection set, F=free, OA=open archive, CA=closed archive, TAMS=top-at-mark-start (previous, next)
|   0|0x0000000702e00000, 0x0000000702e00000, 0x0000000703000000|  0%| F|  |TAMS 0x0000000702e00000, 0x0000000702e00000| Untracked 
|   1|0x0000000703000000, 0x0000000703000000, 0x0000000703200000|  0%| F|  |TAMS 0x0000000703000000, 0x0000000703000000| Untracked 
|   2|0x0000000703200000, 0x0000000703200000, 0x0000000703400000|  0%| F|  |TAMS 0x0000000703200000, 0x0000000703200000| Untracked 
|   3|0x0000000703400000, 0x0000000703400000, 0x0000000703600000|  0%| F|  |TAMS 0x0000000703400000, 0x0000000703400000| Untracked 
|   4|0x0000000703600000, 0x0000000703600000, 0x0000000703800000|  0%| F|  |TAMS 0x0000000703600000, 0x0000000703600000| Untracked 
|   5|0x0000000703800000, 0x0000000703800000, 0x0000000703a00000|  0%| F|  |TAMS 0x0000000703800000, 0x0000000703800000| Untracked 
|   6|0x0000000703a00000, 0x0000000703a00000, 0x0000000703c00000|  0%| F|  |TAMS 0x0000000703a00000, 0x0000000703a00000| Untracked 
|   7|0x0000000703c00000, 0x0000000703c00000, 0x0000000703e00000|  0%| F|  |TAMS 0x0000000703c00000, 0x0000000703c00000| Untracked 
|   8|0x0000000703e00000, 0x0000000703e00000, 0x0000000704000000|  0%| F|  |TAMS 0x0000000703e00000, 0x0000000703e00000| Untracked 
|   9|0x0000000704000000, 0x0000000704000000, 0x0000000704200000|  0%| F|  |TAMS 0x0000000704000000, 0x0000000704000000| Untracked 
|  10|0x0000000704200000, 0x0000000704200000, 0x0000000704400000|  0%| F|  |TAMS 0x0000000704200000, 0x0000000704200000| Untracked 
|  11|0x0000000704400000, 0x0000000704400000, 0x0000000704600000|  0%| F|  |TAMS 0x0000000704400000, 0x0000000704400000| Untracked 
|  12|0x0000000704600000, 0x0000000704600000, 0x0000000704800000|  0%| F|  |TAMS 0x0000000704600000, 0x0000000704600000| Untracked 
|  13|0x0000000704800000, 0x0000000704800000, 0x0000000704a00000|  0%| F|  |TAMS 0x0000000704800000, 0x0000000704800000| Untracked 
|  14|0x0000000704a00000, 0x0000000704a00000, 0x0000000704c00000|  0%| F|  |TAMS 0x0000000704a00000, 0x0000000704a00000| Untracked 
|  15|0x0000000704c00000, 0x0000000704c00000, 0x0000000704e00000|  0%| F|  |TAMS 0x0000000704c00000, 0x0000000704c00000| Untracked 
|  16|0x0000000704e00000, 0x0000000704e00000, 0x0000000705000000|  0%| F|  |TAMS 0x0000000704e00000, 0x0000000704e00000| Untracked 
|  17|0x0000000705000000, 0x0000000705000000, 0x0000000705200000|  0%| F|  |TAMS 0x0000000705000000, 0x0000000705000000| Untracked 
|  18|0x0000000705200000, 0x0000000705200000, 0x0000000705400000|  0%| F|  |TAMS 0x0000000705200000, 0x0000000705200000| Untracked 
|  19|0x0000000705400000, 0x0000000705400000, 0x0000000705600000|  0%| F|  |TAMS 0x0000000705400000, 0x0000000705400000| Untracked 
|  20|0x0000000705600000, 0x0000000705600000, 0x0000000705800000|  0%| F|  |TAMS 0x0000000705600000, 0x0000000705600000| Untracked 
|  21|0x0000000705800000, 0x0000000705800000, 0x0000000705a00000|  0%| F|  |TAMS 0x0000000705800000, 0x0000000705800000| Untracked 
|  22|0x0000000705a00000, 0x0000000705a00000, 0x0000000705c00000|  0%| F|  |TAMS 0x0000000705a00000, 0x0000000705a00000| Untracked 
|  23|0x0000000705c00000, 0x0000000705c00000, 0x0000000705e00000|  0%| F|  |TAMS 0x0000000705c00000, 0x0000000705c00000| Untracked 
|  24|0x0000000705e00000, 0x0000000705e00000, 0x0000000706000000|  0%| F|  |TAMS 0x0000000705e00000, 0x0000000705e00000| Untracked 
|  25|0x0000000706000000, 0x0000000706000000, 0x0000000706200000|  0%| F|  |TAMS 0x0000000706000000, 0x0000000706000000| Untracked 
|  26|0x0000000706200000, 0x0000000706200000, 0x0000000706400000|  0%| F|  |TAMS 0x0000000706200000, 0x0000000706200000| Untracked 
|  27|0x0000000706400000, 0x0000000706400000, 0x0000000706600000|  0%| F|  |TAMS 0x0000000706400000, 0x0000000706400000| Untracked 
|  28|0x0000000706600000, 0x0000000706600000, 0x0000000706800000|  0%| F|  |TAMS 0x0000000706600000, 0x0000000706600000| Untracked 
|  29|0x0000000706800000, 0x0000000706800000, 0x0000000706a00000|  0%| F|  |TAMS 0x0000000706800000, 0x0000000706800000| Untracked 
|  30|0x0000000706a00000, 0x0000000706a00000, 0x0000000706c00000|  0%| F|  |TAMS 0x0000000706a00000, 0x0000000706a00000| Untracked 
|  31|0x0000000706c00000, 0x0000000706c00000, 0x0000000706e00000|  0%| F|  |TAMS 0x0000000706c00000, 0x0000000706c00000| Untracked 
|  32|0x0000000706e00000, 0x0000000706e00000, 0x0000000707000000|  0%| F|  |TAMS 0x0000000706e00000, 0x0000000706e00000| Untracked 
|  33|0x0000000707000000, 0x0000000707000000, 0x0000000707200000|  0%| F|  |TAMS 0x0000000707000000, 0x0000000707000000| Untracked 
|  34|0x0000000707200000, 0x0000000707200000, 0x0000000707400000|  0%| F|  |TAMS 0x0000000707200000, 0x0000000707200000| Untracked 
|  35|0x0000000707400000, 0x0000000707400000, 0x0000000707600000|  0%| F|  |TAMS 0x0000000707400000, 0x0000000707400000| Untracked 
|  36|0x0000000707600000, 0x0000000707600000, 0x0000000707800000|  0%| F|  |TAMS 0x0000000707600000, 0x0000000707600000| Untracked 
|  37|0x0000000707800000, 0x0000000707800000, 0x0000000707a00000|  0%| F|  |TAMS 0x0000000707800000, 0x0000000707800000| Untracked 
|  38|0x0000000707a00000, 0x0000000707a00000, 0x0000000707c00000|  0%| F|  |TAMS 0x0000000707a00000, 0x0000000707a00000| Untracked 
|  39|0x0000000707c00000, 0x0000000707c00000, 0x0000000707e00000|  0%| F|  |TAMS 0x0000000707c00000, 0x0000000707c00000| Untracked 
|  40|0x0000000707e00000, 0x0000000707e00000, 0x0000000708000000|  0%| F|  |TAMS 0x0000000707e00000, 0x0000000707e00000| Untracked 
|  41|0x0000000708000000, 0x0000000708000000, 0x0000000708200000|  0%| F|  |TAMS 0x0000000708000000, 0x0000000708000000| Untracked 
|  42|0x0000000708200000, 0x0000000708200000, 0x0000000708400000|  0%| F|  |TAMS 0x0000000708200000, 0x0000000708200000| Untracked 
|  43|0x0000000708400000, 0x0000000708400000, 0x0000000708600000|  0%| F|  |TAMS 0x0000000708400000, 0x0000000708400000| Untracked 
|  44|0x0000000708600000, 0x0000000708600000, 0x0000000708800000|  0%| F|  |TAMS 0x0000000708600000, 0x0000000708600000| Untracked 
|  45|0x0000000708800000, 0x0000000708800000, 0x0000000708a00000|  0%| F|  |TAMS 0x0000000708800000, 0x0000000708800000| Untracked 
|  46|0x0000000708a00000, 0x0000000708a00000, 0x0000000708c00000|  0%| F|  |TAMS 0x0000000708a00000, 0x0000000708a00000| Untracked 
|  47|0x0000000708c00000, 0x0000000708c00000, 0x0000000708e00000|  0%| F|  |TAMS 0x0000000708c00000, 0x0000000708c00000| Untracked 
|  48|0x0000000708e00000, 0x0000000708e00000, 0x0000000709000000|  0%| F|  |TAMS 0x0000000708e00000, 0x0000000708e00000| Untracked 
|  49|0x0000000709000000, 0x0000000709000000, 0x0000000709200000|  0%| F|  |TAMS 0x0000000709000000, 0x0000000709000000| Untracked 
|  50|0x0000000709200000, 0x0000000709200000, 0x0000000709400000|  0%| F|  |TAMS 0x0000000709200000, 0x0000000709200000| Untracked 
|  51|0x0000000709400000, 0x0000000709400000, 0x0000000709600000|  0%| F|  |TAMS 0x0000000709400000, 0x0000000709400000| Untracked 
|  52|0x0000000709600000, 0x0000000709600000, 0x0000000709800000|  0%| F|  |TAMS 0x0000000709600000, 0x0000000709600000| Untracked 
|  53|0x0000000709800000, 0x0000000709800000, 0x0000000709a00000|  0%| F|  |TAMS 0x0000000709800000, 0x0000000709800000| Untracked 
|  54|0x0000000709a00000, 0x0000000709a00000, 0x0000000709c00000|  0%| F|  |TAMS 0x0000000709a00000, 0x0000000709a00000| Untracked 
|  55|0x0000000709c00000, 0x0000000709c00000, 0x0000000709e00000|  0%| F|  |TAMS 0x0000000709c00000, 0x0000000709c00000| Untracked 
|  56|0x0000000709e00000, 0x0000000709e00000, 0x000000070a000000|  0%| F|  |TAMS 0x0000000709e00000, 0x0000000709e00000| Untracked 
|  57|0x000000070a000000, 0x000000070a000000, 0x000000070a200000|  0%| F|  |TAMS 0x000000070a000000, 0x000000070a000000| Untracked 
|  58|0x000000070a200000, 0x000000070a200000, 0x000000070a400000|  0%| F|  |TAMS 0x000000070a200000, 0x000000070a200000| Untracked 
|  59|0x000000070a400000, 0x000000070a400000, 0x000000070a600000|  0%| F|  |TAMS 0x000000070a400000, 0x000000070a400000| Untracked 
|  60|0x000000070a600000, 0x000000070a600000, 0x000000070a800000|  0%| F|  |TAMS 0x000000070a600000, 0x000000070a600000| Untracked 
|  61|0x000000070a800000, 0x000000070a800000, 0x000000070aa00000|  0%| F|  |TAMS 0x000000070a800000, 0x000000070a800000| Untracked 
|  62|0x000000070aa00000, 0x000000070aa00000, 0x000000070ac00000|  0%| F|  |TAMS 0x000000070aa00000, 0x000000070aa00000| Untracked 
|  63|0x000000070ac00000, 0x000000070ac00000, 0x000000070ae00000|  0%| F|  |TAMS 0x000000070ac00000, 0x000000070ac00000| Untracked 
|  64|0x000000070ae00000, 0x000000070ae00000, 0x000000070b000000|  0%| F|  |TAMS 0x000000070ae00000, 0x000000070ae00000| Untracked 
|  65|0x000000070b000000, 0x000000070b000000, 0x000000070b200000|  0%| F|  |TAMS 0x000000070b000000, 0x000000070b000000| Untracked 
|  66|0x000000070b200000, 0x000000070b200000, 0x000000070b400000|  0%| F|  |TAMS 0x000000070b200000, 0x000000070b200000| Untracked 
|  67|0x000000070b400000, 0x000000070b400000, 0x000000070b600000|  0%| F|  |TAMS 0x000000070b400000, 0x000000070b400000| Untracked 
|  68|0x000000070b600000, 0x000000070b600000, 0x000000070b800000|  0%| F|  |TAMS 0x000000070b600000, 0x000000070b600000| Untracked 
|  69|0x000000070b800000, 0x000000070b800000, 0x000000070ba00000|  0%| F|  |TAMS 0x000000070b800000, 0x000000070b800000| Untracked 
|  70|0x000000070ba00000, 0x000000070ba00000, 0x000000070bc00000|  0%| F|  |TAMS 0x000000070ba00000, 0x000000070ba00000| Untracked 
|  71|0x000000070bc00000, 0x000000070bc00000, 0x000000070be00000|  0%| F|  |TAMS 0x000000070bc00000, 0x000000070bc00000| Untracked 
|  72|0x000000070be00000, 0x000000070be00000, 0x000000070c000000|  0%| F|  |TAMS 0x000000070be00000, 0x000000070be00000| Untracked 
|  73|0x000000070c000000, 0x000000070c000000, 0x000000070c200000|  0%| F|  |TAMS 0x000000070c000000, 0x000000070c000000| Untracked 
|  74|0x000000070c200000, 0x000000070c200000, 0x000000070c400000|  0%| F|  |TAMS 0x000000070c200000, 0x000000070c200000| Untracked 
|  75|0x000000070c400000, 0x000000070c400000, 0x000000070c600000|  0%| F|  |TAMS 0x000000070c400000, 0x000000070c400000| Untracked 
|  76|0x000000070c600000, 0x000000070c600000, 0x000000070c800000|  0%| F|  |TAMS 0x000000070c600000, 0x000000070c600000| Untracked 
|  77|0x000000070c800000, 0x000000070c800000, 0x000000070ca00000|  0%| F|  |TAMS 0x000000070c800000, 0x000000070c800000| Untracked 
|  78|0x000000070ca00000, 0x000000070ca00000, 0x000000070cc00000|  0%| F|  |TAMS 0x000000070ca00000, 0x000000070ca00000| Untracked 
|  79|0x000000070cc00000, 0x000000070cc00000, 0x000000070ce00000|  0%| F|  |TAMS 0x000000070cc00000, 0x000000070cc00000| Untracked 
|  80|0x000000070ce00000, 0x000000070ce00000, 0x000000070d000000|  0%| F|  |TAMS 0x000000070ce00000, 0x000000070ce00000| Untracked 
|  81|0x000000070d000000, 0x000000070d000000, 0x000000070d200000|  0%| F|  |TAMS 0x000000070d000000, 0x000000070d000000| Untracked 
|  82|0x000000070d200000, 0x000000070d200000, 0x000000070d400000|  0%| F|  |TAMS 0x000000070d200000, 0x000000070d200000| Untracked 
|  83|0x000000070d400000, 0x000000070d400000, 0x000000070d600000|  0%| F|  |TAMS 0x000000070d400000, 0x000000070d400000| Untracked 
|  84|0x000000070d600000, 0x000000070d600000, 0x000000070d800000|  0%| F|  |TAMS 0x000000070d600000, 0x000000070d600000| Untracked 
|  85|0x000000070d800000, 0x000000070d800000, 0x000000070da00000|  0%| F|  |TAMS 0x000000070d800000, 0x000000070d800000| Untracked 
|  86|0x000000070da00000, 0x000000070da00000, 0x000000070dc00000|  0%| F|  |TAMS 0x000000070da00000, 0x000000070da00000| Untracked 
|  87|0x000000070dc00000, 0x000000070dc00000, 0x000000070de00000|  0%| F|  |TAMS 0x000000070dc00000, 0x000000070dc00000| Untracked 
|  88|0x000000070de00000, 0x000000070de00000, 0x000000070e000000|  0%| F|  |TAMS 0x000000070de00000, 0x000000070de00000| Untracked 
|  89|0x000000070e000000, 0x000000070e000000, 0x000000070e200000|  0%| F|  |TAMS 0x000000070e000000, 0x000000070e000000| Untracked 
|  90|0x000000070e200000, 0x000000070e200000, 0x000000070e400000|  0%| F|  |TAMS 0x000000070e200000, 0x000000070e200000| Untracked 
|  91|0x000000070e400000, 0x000000070e400000, 0x000000070e600000|  0%| F|  |TAMS 0x000000070e400000, 0x000000070e400000| Untracked 
|  92|0x000000070e600000, 0x000000070e600000, 0x000000070e800000|  0%| F|  |TAMS 0x000000070e600000, 0x000000070e600000| Untracked 
|  93|0x000000070e800000, 0x000000070e800000, 0x000000070ea00000|  0%| F|  |TAMS 0x000000070e800000, 0x000000070e800000| Untracked 
|  94|0x000000070ea00000, 0x000000070ea00000, 0x000000070ec00000|  0%| F|  |TAMS 0x000000070ea00000, 0x000000070ea00000| Untracked 
|  95|0x000000070ec00000, 0x000000070ec00000, 0x000000070ee00000|  0%| F|  |TAMS 0x000000070ec00000, 0x000000070ec00000| Untracked 
|  96|0x000000070ee00000, 0x000000070ee00000, 0x000000070f000000|  0%| F|  |TAMS 0x000000070ee00000, 0x000000070ee00000| Untracked 
|  97|0x000000070f000000, 0x000000070f000000, 0x000000070f200000|  0%| F|  |TAMS 0x000000070f000000, 0x000000070f000000| Untracked 
|  98|0x000000070f200000, 0x000000070f200000, 0x000000070f400000|  0%| F|  |TAMS 0x000000070f200000, 0x000000070f200000| Untracked 
|  99|0x000000070f400000, 0x000000070f400000, 0x000000070f600000|  0%| F|  |TAMS 0x000000070f400000, 0x000000070f400000| Untracked 
| 100|0x000000070f600000, 0x000000070f600000, 0x000000070f800000|  0%| F|  |TAMS 0x000000070f600000, 0x000000070f600000| Untracked 
| 101|0x000000070f800000, 0x000000070f800000, 0x000000070fa00000|  0%| F|  |TAMS 0x000000070f800000, 0x000000070f800000| Untracked 
| 102|0x000000070fa00000, 0x000000070fa00000, 0x000000070fc00000|  0%| F|  |TAMS 0x000000070fa00000, 0x000000070fa00000| Untracked 
| 103|0x000000070fc00000, 0x000000070fc00000, 0x000000070fe00000|  0%| F|  |TAMS 0x000000070fc00000, 0x000000070fc00000| Untracked 
| 104|0x000000070fe00000, 0x000000070fe00000, 0x0000000710000000|  0%| F|  |TAMS 0x000000070fe00000, 0x000000070fe00000| Untracked 
| 105|0x0000000710000000, 0x0000000710000000, 0x0000000710200000|  0%| F|  |TAMS 0x0000000710000000, 0x0000000710000000| Untracked 
| 106|0x0000000710200000, 0x0000000710200000, 0x0000000710400000|  0%| F|  |TAMS 0x0000000710200000, 0x0000000710200000| Untracked 
| 107|0x0000000710400000, 0x0000000710400000, 0x0000000710600000|  0%| F|  |TAMS 0x0000000710400000, 0x0000000710400000| Untracked 
| 108|0x0000000710600000, 0x0000000710600000, 0x0000000710800000|  0%| F|  |TAMS 0x0000000710600000, 0x0000000710600000| Untracked 
| 109|0x0000000710800000, 0x0000000710800000, 0x0000000710a00000|  0%| F|  |TAMS 0x0000000710800000, 0x0000000710800000| Untracked 
| 110|0x0000000710a00000, 0x0000000710a00000, 0x0000000710c00000|  0%| F|  |TAMS 0x0000000710a00000, 0x0000000710a00000| Untracked 
| 111|0x0000000710c00000, 0x0000000710c00000, 0x0000000710e00000|  0%| F|  |TAMS 0x0000000710c00000, 0x0000000710c00000| Untracked 
| 112|0x0000000710e00000, 0x0000000710e00000, 0x0000000711000000|  0%| F|  |TAMS 0x0000000710e00000, 0x0000000710e00000| Untracked 
| 113|0x0000000711000000, 0x0000000711000000, 0x0000000711200000|  0%| F|  |TAMS 0x0000000711000000, 0x0000000711000000| Untracked 
| 114|0x0000000711200000, 0x0000000711200000, 0x0000000711400000|  0%| F|  |TAMS 0x0000000711200000, 0x0000000711200000| Untracked 
| 115|0x0000000711400000, 0x0000000711400000, 0x0000000711600000|  0%| F|  |TAMS 0x0000000711400000, 0x0000000711400000| Untracked 
| 116|0x0000000711600000, 0x00000007116e1cb0, 0x0000000711800000| 44%| E|  |TAMS 0x0000000711600000, 0x0000000711600000| Complete 
| 117|0x0000000711800000, 0x0000000711a00000, 0x0000000711a00000|100%| E|CS|TAMS 0x0000000711800000, 0x0000000711800000| Complete 
| 118|0x0000000711a00000, 0x0000000711c00000, 0x0000000711c00000|100%| E|CS|TAMS 0x0000000711a00000, 0x0000000711a00000| Complete 
| 119|0x0000000711c00000, 0x0000000711e00000, 0x0000000711e00000|100%| E|CS|TAMS 0x0000000711c00000, 0x0000000711c00000| Complete 
| 120|0x0000000711e00000, 0x0000000712000000, 0x0000000712000000|100%| E|CS|TAMS 0x0000000711e00000, 0x0000000711e00000| Complete 
| 121|0x0000000712000000, 0x0000000712200000, 0x0000000712200000|100%| E|CS|TAMS 0x0000000712000000, 0x0000000712000000| Complete 
| 122|0x0000000712200000, 0x0000000712400000, 0x0000000712400000|100%| E|CS|TAMS 0x0000000712200000, 0x0000000712200000| Complete 
| 123|0x0000000712400000, 0x0000000712600000, 0x0000000712600000|100%| E|CS|TAMS 0x0000000712400000, 0x0000000712400000| Complete 
| 124|0x0000000712600000, 0x0000000712800000, 0x0000000712800000|100%| E|  |TAMS 0x0000000712600000, 0x0000000712600000| Complete 
| 125|0x0000000712800000, 0x0000000712a00000, 0x0000000712a00000|100%| E|CS|TAMS 0x0000000712800000, 0x0000000712800000| Complete 
| 126|0x0000000712a00000, 0x0000000712c00000, 0x0000000712c00000|100%| E|CS|TAMS 0x0000000712a00000, 0x0000000712a00000| Complete 

Card table byte_map: [0x000001a4e8e40000,0x000001a4e9630000] _byte_map_base: 0x000001a4e5629000

Marking Bits (Prev, Next): (CMBitMap*) 0x000001a4d1afa8c0, (CMBitMap*) 0x000001a4d1afa900
 Prev Bits: [0x000001a4e9e20000, 0x000001a4edd68000)
 Next Bits: [0x000001a4edd70000, 0x000001a4f1cb8000)

Polling page: 0x000001a4cf8b0000

Metaspace:

Usage:
  Non-class:      5.70 MB used.
      Class:    799.96 KB used.
       Both:      6.48 MB used.

Virtual space:
  Non-class space:        8.00 MB reserved,       5.75 MB ( 72%) committed,  1 nodes.
      Class space:        1.00 GB reserved,     832.00 KB ( <1%) committed,  1 nodes.
             Both:        1.01 GB reserved,       6.56 MB ( <1%) committed. 

Chunk freelists:
   Non-Class:  1.38 MB
       Class:  3.00 MB
        Both:  4.38 MB

MaxMetaspaceSize: unlimited
CompressedClassSpaceSize: 1.00 GB
Initial GC threshold: 21.00 MB
Current GC threshold: 21.00 MB
CDS: on
MetaspaceReclaimPolicy: balanced
 - commit_granule_bytes: 65536.
 - commit_granule_words: 8192.
 - virtual_space_node_default_size: 1048576.
 - enlarge_chunks_in_place: 1.
 - new_chunks_are_fully_committed: 0.
 - uncommit_free_chunks: 1.
 - use_allocation_guard: 0.
 - handle_deallocations: 1.


Internal statistics:

num_allocs_failed_limit: 0.
num_arena_births: 88.
num_arena_deaths: 0.
num_vsnodes_births: 2.
num_vsnodes_deaths: 0.
num_space_committed: 105.
num_space_uncommitted: 0.
num_chunks_returned_to_freelist: 0.
num_chunks_taken_from_freelist: 234.
num_chunk_merges: 0.
num_chunk_splits: 162.
num_chunks_enlarged: 122.
num_purges: 0.
num_inconsistent_stats: 0.

CodeHeap 'non-profiled nmethods': size=120000Kb used=325Kb max_used=325Kb free=119674Kb
 bounds [0x000001a4e0df0000, 0x000001a4e1060000, 0x000001a4e8320000]
CodeHeap 'profiled nmethods': size=120000Kb used=1792Kb max_used=1792Kb free=118207Kb
 bounds [0x000001a4d9320000, 0x000001a4d9590000, 0x000001a4e0850000]
CodeHeap 'non-nmethods': size=5760Kb used=1151Kb max_used=1172Kb free=4608Kb
 bounds [0x000001a4e0850000, 0x000001a4e0ac0000, 0x000001a4e0df0000]
 total_blobs=1445 nmethods=1006 adapters=352
 compilation: enabled
              stopped_count=0, restarted_count=0
 full_count=0

Compilation events (20 events):
Event: 0.454 Thread 0x000001a4f47416b0  997       3       java.util.HashMap::afterNodeAccess (1 bytes)
Event: 0.454 Thread 0x000001a4f47416b0 nmethod 997 0x000001a4d94d8f10 code [0x000001a4d94d90a0, 0x000001a4d94d91b8]
Event: 0.455 Thread 0x000001a4f47416b0  998       3       java.lang.ClassLoader::defineClass (43 bytes)
Event: 0.456 Thread 0x000001a4f47416b0 nmethod 998 0x000001a4d94d9290 code [0x000001a4d94d9480, 0x000001a4d94d9998]
Event: 0.468 Thread 0x000001a4f47416b0 1000   !   3       java.lang.ClassLoader::addClass (27 bytes)
Event: 0.469 Thread 0x000001a4f47416b0 nmethod 1000 0x000001a4d94d9c10 code [0x000001a4d94d9de0, 0x000001a4d94da428]
Event: 0.474 Thread 0x000001a4f47416b0 1001       3       jdk.internal.loader.URLClassPath$JarLoader$2::getBytes (48 bytes)
Event: 0.474 Thread 0x000001a4f47416b0 nmethod 1001 0x000001a4d94da790 code [0x000001a4d94da980, 0x000001a4d94db0c8]
Event: 0.474 Thread 0x000001a4f47416b0 1002       3       jdk.internal.loader.URLClassPath$JarLoader$2::getContentLength (9 bytes)
Event: 0.474 Thread 0x000001a4f47416b0 nmethod 1002 0x000001a4d94db310 code [0x000001a4d94db4a0, 0x000001a4d94db658]
Event: 0.474 Thread 0x000001a4f47416b0 1003   !   3       java.util.jar.JarFile$JarFileEntry::getCodeSigners (81 bytes)
Event: 0.475 Thread 0x000001a4f47416b0 nmethod 1003 0x000001a4d94db710 code [0x000001a4d94db920, 0x000001a4d94dbea8]
Event: 0.475 Thread 0x000001a4f47416b0 1004       3       java.lang.ClassLoader::compareCerts (197 bytes)
Event: 0.475 Thread 0x000001a4f47416b0 nmethod 1004 0x000001a4d94dc090 code [0x000001a4d94dc2a0, 0x000001a4d94dcb78]
Event: 0.477 Thread 0x000001a4f47416b0 1006       3       java.lang.reflect.Method::copy (84 bytes)
Event: 0.477 Thread 0x000001a4f47416b0 nmethod 1006 0x000001a4d94dce90 code [0x000001a4d94dd060, 0x000001a4d94dd4b8]
Event: 0.477 Thread 0x000001a4f47416b0 1007       3       java.lang.reflect.Method::<init> (68 bytes)
Event: 0.477 Thread 0x000001a4f47416b0 nmethod 1007 0x000001a4d94dd610 code [0x000001a4d94dd7e0, 0x000001a4d94dddd8]
Event: 0.481 Thread 0x000001a4f47416b0 1008       3       java.util.LinkedHashMap$LinkedHashIterator::nextNode (54 bytes)
Event: 0.481 Thread 0x000001a4f47416b0 nmethod 1008 0x000001a4d94ddf10 code [0x000001a4d94de0e0, 0x000001a4d94de498]

GC Heap History (0 events):
No events

Deoptimization events (20 events):
Event: 0.429 Thread 0x000001a4d1a8ed40 Uncommon trap: trap_request=0xffffffc6 fr.pc=0x000001a4e0e3a858 relative=0x0000000000001398
Event: 0.429 Thread 0x000001a4d1a8ed40 Uncommon trap: reason=bimorphic_or_optimized_type_check action=maybe_recompile pc=0x000001a4e0e3a858 method=java.util.HashMap.putVal(ILjava/lang/Object;Ljava/lang/Object;ZZ)Ljava/lang/Object; @ 56 c2
Event: 0.429 Thread 0x000001a4d1a8ed40 DEOPT PACKING pc=0x000001a4e0e3a858 sp=0x000000855e4fe000
Event: 0.429 Thread 0x000001a4d1a8ed40 DEOPT UNPACKING pc=0x000001a4e08a23a3 sp=0x000000855e4fdf88 mode 2
Event: 0.429 Thread 0x000001a4d1a8ed40 Uncommon trap: trap_request=0xffffffc6 fr.pc=0x000001a4e0e3a858 relative=0x0000000000001398
Event: 0.429 Thread 0x000001a4d1a8ed40 Uncommon trap: reason=bimorphic_or_optimized_type_check action=maybe_recompile pc=0x000001a4e0e3a858 method=java.util.HashMap.putVal(ILjava/lang/Object;Ljava/lang/Object;ZZ)Ljava/lang/Object; @ 56 c2
Event: 0.429 Thread 0x000001a4d1a8ed40 DEOPT PACKING pc=0x000001a4e0e3a858 sp=0x000000855e4fe000
Event: 0.429 Thread 0x000001a4d1a8ed40 DEOPT UNPACKING pc=0x000001a4e08a23a3 sp=0x000000855e4fdf88 mode 2
Event: 0.429 Thread 0x000001a4d1a8ed40 Uncommon trap: trap_request=0xffffffc6 fr.pc=0x000001a4e0e3a858 relative=0x0000000000001398
Event: 0.429 Thread 0x000001a4d1a8ed40 Uncommon trap: reason=bimorphic_or_optimized_type_check action=maybe_recompile pc=0x000001a4e0e3a858 method=java.util.HashMap.putVal(ILjava/lang/Object;Ljava/lang/Object;ZZ)Ljava/lang/Object; @ 56 c2
Event: 0.429 Thread 0x000001a4d1a8ed40 DEOPT PACKING pc=0x000001a4e0e3a858 sp=0x000000855e4fe000
Event: 0.429 Thread 0x000001a4d1a8ed40 DEOPT UNPACKING pc=0x000001a4e08a23a3 sp=0x000000855e4fdf88 mode 2
Event: 0.454 Thread 0x000001a4d1a8ed40 Uncommon trap: trap_request=0xffffffde fr.pc=0x000001a4e0e3d74c relative=0x0000000000000a2c
Event: 0.454 Thread 0x000001a4d1a8ed40 Uncommon trap: reason=class_check action=maybe_recompile pc=0x000001a4e0e3d74c method=java.util.HashMap.putVal(ILjava/lang/Object;Ljava/lang/Object;ZZ)Ljava/lang/Object; @ 91 c2
Event: 0.454 Thread 0x000001a4d1a8ed40 DEOPT PACKING pc=0x000001a4e0e3d74c sp=0x000000855e4fec60
Event: 0.454 Thread 0x000001a4d1a8ed40 DEOPT UNPACKING pc=0x000001a4e08a23a3 sp=0x000000855e4fec00 mode 2
Event: 0.454 Thread 0x000001a4d1a8ed40 Uncommon trap: trap_request=0xffffffde fr.pc=0x000001a4e0e3d74c relative=0x0000000000000a2c
Event: 0.454 Thread 0x000001a4d1a8ed40 Uncommon trap: reason=class_check action=maybe_recompile pc=0x000001a4e0e3d74c method=java.util.HashMap.putVal(ILjava/lang/Object;Ljava/lang/Object;ZZ)Ljava/lang/Object; @ 91 c2
Event: 0.454 Thread 0x000001a4d1a8ed40 DEOPT PACKING pc=0x000001a4e0e3d74c sp=0x000000855e4fec60
Event: 0.454 Thread 0x000001a4d1a8ed40 DEOPT UNPACKING pc=0x000001a4e08a23a3 sp=0x000000855e4fec00 mode 2

Classes unloaded (0 events):
No events

Classes redefined (0 events):
No events

Internal exceptions (8 events):
Event: 0.118 Thread 0x000001a4f532d6f0 Exception <a 'java/lang/NoSuchMethodError'{0x00000007127317e0}: 'java.lang.Object java.lang.invoke.DirectMethodHandle$Holder.invokeStaticInit(java.lang.Object)'> (0x00000007127317e0) 
thrown [s\open\src\hotspot\share\interpreter\linkResolver.cpp, line 759]
Event: 0.124 Thread 0x000001a4f532d6f0 Exception <a 'java/lang/NoSuchMethodError'{0x000000071273f4a0}: 'void java.lang.invoke.DirectMethodHandle$Holder.invokeStatic(java.lang.Object, java.lang.Object)'> (0x000000071273f4a0) 
thrown [s\open\src\hotspot\share\interpreter\linkResolver.cpp, line 759]
Event: 0.154 Thread 0x000001a4d1a8ed40 Exception <a 'java/lang/NoSuchMethodError'{0x00000007124ffda8}: 'java.lang.Object java.lang.invoke.DirectMethodHandle$Holder.invokeStatic(java.lang.Object, java.lang.Object, int)'> (0x00000007124ffda8) 
thrown [s\open\src\hotspot\share\interpreter\linkResolver.cpp, line 759]
Event: 0.155 Thread 0x000001a4d1a8ed40 Exception <a 'java/lang/NoSuchMethodError'{0x000000071250bb90}: 'void java.lang.invoke.DelegatingMethodHandle$Holder.delegate(java.lang.Object, java.lang.Object, int, java.lang.Object)'> (0x000000071250bb90) 
thrown [s\open\src\hotspot\share\interpreter\linkResolver.cpp, line 759]
Event: 0.155 Thread 0x000001a4d1a8ed40 Exception <a 'java/lang/NoSuchMethodError'{0x000000071250fbc8}: 'int java.lang.invoke.DirectMethodHandle$Holder.invokeSpecial(java.lang.Object, java.lang.Object, java.lang.Object)'> (0x000000071250fbc8) 
thrown [s\open\src\hotspot\share\interpreter\linkResolver.cpp, line 759]
Event: 0.159 Thread 0x000001a4d1a8ed40 Exception <a 'java/lang/NoSuchMethodError'{0x0000000712531ed0}: 'java.lang.Object java.lang.invoke.Invokers$Holder.invoke_MT(java.lang.Object, java.lang.Object, java.lang.Object)'> (0x0000000712531ed0) 
thrown [s\open\src\hotspot\share\interpreter\linkResolver.cpp, line 759]
Event: 0.323 Thread 0x000001a4d1a8ed40 Exception <a 'java/lang/NoSuchMethodError'{0x0000000711f4b740}: 'java.lang.Object java.lang.invoke.DirectMethodHandle$Holder.invokeInterface(java.lang.Object, java.lang.Object)'> (0x0000000711f4b740) 
thrown [s\open\src\hotspot\share\interpreter\linkResolver.cpp, line 759]
Event: 0.363 Thread 0x000001a4d1a8ed40 Implicit null exception at 0x000001a4e0e287c0 to 0x000001a4e0e29105

VM Operations (18 events):
Event: 0.065 Executing VM operation: HandshakeAllThreads
Event: 0.065 Executing VM operation: HandshakeAllThreads done
Event: 0.117 Executing VM operation: HandshakeAllThreads
Event: 0.117 Executing VM operation: HandshakeAllThreads done
Event: 0.230 Executing VM operation: HandshakeAllThreads
Event: 0.230 Executing VM operation: HandshakeAllThreads done
Event: 0.265 Executing VM operation: HandshakeAllThreads
Event: 0.265 Executing VM operation: HandshakeAllThreads done
Event: 0.314 Executing VM operation: HandshakeAllThreads
Event: 0.314 Executing VM operation: HandshakeAllThreads done
Event: 0.356 Executing VM operation: HandshakeAllThreads
Event: 0.356 Executing VM operation: HandshakeAllThreads done
Event: 0.357 Executing VM operation: HandshakeAllThreads
Event: 0.357 Executing VM operation: HandshakeAllThreads done
Event: 0.404 Executing VM operation: HandshakeAllThreads
Event: 0.404 Executing VM operation: HandshakeAllThreads done
Event: 0.475 Executing VM operation: ICBufferFull
Event: 0.475 Executing VM operation: ICBufferFull done

Events (20 events):
Event: 0.450 loading class jdk/internal/reflect/UnsafeQualifiedStaticFieldAccessorImpl done
Event: 0.450 loading class jdk/internal/reflect/UnsafeQualifiedStaticObjectFieldAccessorImpl done
Event: 0.455 loading class org/xml/sax/Locator
Event: 0.455 loading class org/xml/sax/Locator done
Event: 0.456 loading class java/lang/InstantiationError
Event: 0.456 loading class java/lang/InstantiationError done
Event: 0.473 loading class java/lang/ExceptionInInitializerError
Event: 0.473 loading class java/lang/ExceptionInInitializerError done
Event: 0.480 loading class org/w3c/dom/Node
Event: 0.481 loading class org/w3c/dom/Node done
Event: 0.484 loading class org/xml/sax/ContentHandler
Event: 0.484 loading class org/xml/sax/ContentHandler done
Event: 0.485 loading class org/xml/sax/helpers/DefaultHandler
Event: 0.485 loading class org/xml/sax/EntityResolver
Event: 0.485 loading class org/xml/sax/EntityResolver done
Event: 0.485 loading class org/xml/sax/DTDHandler
Event: 0.485 loading class org/xml/sax/DTDHandler done
Event: 0.485 loading class org/xml/sax/helpers/DefaultHandler done
Event: 0.485 loading class java/util/concurrent/Callable
Event: 0.485 loading class java/util/concurrent/Callable done


Dynamic libraries:
0x00007ff699ee0000 - 0x00007ff699ef0000 	C:\Program Files\Java\jdk-17\bin\java.exe
0x00007ffb07030000 - 0x00007ffb07228000 	C:\Windows\SYSTEM32\ntdll.dll
0x00007ffb06d70000 - 0x00007ffb06e2f000 	C:\Windows\System32\KERNEL32.DLL
0x00007ffb049f0000 - 0x00007ffb04cc2000 	C:\Windows\System32\KERNELBASE.dll
0x00007ffb048f0000 - 0x00007ffb049f0000 	C:\Windows\System32\ucrtbase.dll
0x00007ffaeea60000 - 0x00007ffaeea79000 	C:\Program Files\Java\jdk-17\bin\jli.dll
0x00007ffb05420000 - 0x00007ffb054ce000 	C:\Windows\System32\ADVAPI32.dll
0x00007ffaee990000 - 0x00007ffaee9ab000 	C:\Program Files\Java\jdk-17\bin\VCRUNTIME140.dll
0x00007ffb05540000 - 0x00007ffb055de000 	C:\Windows\System32\msvcrt.dll
0x00007ffb05970000 - 0x00007ffb05a0c000 	C:\Windows\System32\sechost.dll
0x00007ffb06e30000 - 0x00007ffb06f55000 	C:\Windows\System32\RPCRT4.dll
0x00007ffb06300000 - 0x00007ffb064a1000 	C:\Windows\System32\USER32.dll
0x00007ffb05040000 - 0x00007ffb05062000 	C:\Windows\System32\win32u.dll
0x00007ffaef830000 - 0x00007ffaefaca000 	C:\Windows\WinSxS\amd64_microsoft.windows.common-controls_6595b64144ccf1df_6.0.19041.1110_none_60b5254171f9507e\COMCTL32.dll
0x00007ffb06ce0000 - 0x00007ffb06d0b000 	C:\Windows\System32\GDI32.dll
0x00007ffb04750000 - 0x00007ffb0485f000 	C:\Windows\System32\gdi32full.dll
0x00007ffb04fa0000 - 0x00007ffb0503d000 	C:\Windows\System32\msvcp_win.dll
0x00007ffafa5e0000 - 0x00007ffafa5ea000 	C:\Windows\SYSTEM32\VERSION.dll
0x00007ffb05690000 - 0x00007ffb056c2000 	C:\Windows\System32\IMM32.DLL
0x00007ffaee980000 - 0x00007ffaee98c000 	C:\Program Files\Java\jdk-17\bin\vcruntime140_1.dll
0x00007ffa9d1b0000 - 0x00007ffa9d23e000 	C:\Program Files\Java\jdk-17\bin\msvcp140.dll
0x00007ffa5c160000 - 0x00007ffa5cd3d000 	C:\Program Files\Java\jdk-17\bin\server\jvm.dll
0x00007ffb062f0000 - 0x00007ffb062f8000 	C:\Windows\System32\PSAPI.DLL
0x00007ffae3cb0000 - 0x00007ffae3cb9000 	C:\Windows\SYSTEM32\WSOCK32.dll
0x00007ffb056d0000 - 0x00007ffb0573b000 	C:\Windows\System32\WS2_32.dll
0x00007ffae9a40000 - 0x00007ffae9a67000 	C:\Windows\SYSTEM32\WINMM.dll
0x00007ffb030e0000 - 0x00007ffb030f2000 	C:\Windows\SYSTEM32\kernel.appcore.dll
0x00007ffadcb50000 - 0x00007ffadcb5a000 	C:\Program Files\Java\jdk-17\bin\jimage.dll
0x00007ffafeea0000 - 0x00007ffaff084000 	C:\Windows\SYSTEM32\DBGHELP.DLL
0x00007ffae53f0000 - 0x00007ffae5425000 	C:\Windows\SYSTEM32\dbgcore.DLL
0x00007ffb04860000 - 0x00007ffb048e2000 	C:\Windows\System32\bcryptPrimitives.dll
0x00007ffaedfc0000 - 0x00007ffaedfce000 	C:\Program Files\Java\jdk-17\bin\instrument.dll
0x00007ffad6ac0000 - 0x00007ffad6ae5000 	C:\Program Files\Java\jdk-17\bin\java.dll
0x00007ffa81210000 - 0x00007ffa812e7000 	C:\Program Files\Java\jdk-17\bin\jsvml.dll
0x00007ffb064b0000 - 0x00007ffb06bf4000 	C:\Windows\System32\SHELL32.dll
0x00007ffb02790000 - 0x00007ffb02f22000 	C:\Windows\SYSTEM32\windows.storage.dll
0x00007ffb05f90000 - 0x00007ffb062e5000 	C:\Windows\System32\combase.dll
0x00007ffb04110000 - 0x00007ffb04140000 	C:\Windows\SYSTEM32\Wldp.dll
0x00007ffb055e0000 - 0x00007ffb0568d000 	C:\Windows\System32\SHCORE.dll
0x00007ffb05f30000 - 0x00007ffb05f85000 	C:\Windows\System32\shlwapi.dll
0x00007ffb04660000 - 0x00007ffb0467f000 	C:\Windows\SYSTEM32\profapi.dll
0x00007ffad14e0000 - 0x00007ffad14f8000 	C:\Program Files\Java\jdk-17\bin\zip.dll
0x00007ffad62e0000 - 0x00007ffad62f9000 	C:\Program Files\Java\jdk-17\bin\net.dll
0x00007ffafdd70000 - 0x00007ffafde7c000 	C:\Windows\SYSTEM32\WINHTTP.dll
0x00007ffb03e70000 - 0x00007ffb03eda000 	C:\Windows\system32\mswsock.dll
0x00007ffad1500000 - 0x00007ffad1516000 	C:\Program Files\Java\jdk-17\bin\nio.dll
0x00007ffaec460000 - 0x00007ffaec47a000 	C:\Program Files\JetBrains\IntelliJ IDEA Community Edition 2024.3.2.2\bin\breakgen64.dll

dbghelp: loaded successfully - version: 4.0.5 - missing functions: none
symbol engine: initialized successfully - sym options: 0x614 - pdb path: .;C:\Program Files\Java\jdk-17\bin;C:\Windows\SYSTEM32;C:\Windows\WinSxS\amd64_microsoft.windows.common-controls_6595b64144ccf1df_6.0.19041.1110_none_60b5254171f9507e;C:\Program Files\Java\jdk-17\bin\server;C:\Program Files\JetBrains\IntelliJ IDEA Community Edition 2024.3.2.2\bin

VM Arguments:
jvm_args: -javaagent:C:\Program Files\JetBrains\IntelliJ IDEA Community Edition 2024.3.2.2\lib\idea_rt.jar=57762:C:\Program Files\JetBrains\IntelliJ IDEA Community Edition 2024.3.2.2\bin -Dfile.encoding=UTF-8 
java_command: org.bank_deatils.Main
java_class_path (initial): E:\Bank_details_hibernate\target\classes;C:\Users\girish.k\.m2\repository\org\postgresql\postgresql\42.7.4\postgresql-42.7.4.jar;C:\Users\girish.k\.m2\repository\org\checkerframework\checker-qual\3.42.0\checker-qual-3.42.0.jar;C:\Users\girish.k\.m2\repository\org\hibernate\orm\hibernate-core\7.0.0.Beta3\hibernate-core-7.0.0.Beta3.jar;C:\Users\girish.k\.m2\repository\jakarta\persistence\jakarta.persistence-api\3.2.0\jakarta.persistence-api-3.2.0.jar;C:\Users\girish.k\.m2\repository\jakarta\transaction\jakarta.transaction-api\2.0.1\jakarta.transaction-api-2.0.1.jar;C:\Users\girish.k\.m2\repository\org\jboss\logging\jboss-logging\3.6.1.Final\jboss-logging-3.6.1.Final.jar;C:\Users\girish.k\.m2\repository\org\hibernate\models\hibernate-models\0.9.3\hibernate-models-0.9.3.jar;C:\Users\girish.k\.m2\repository\com\fasterxml\classmate\1.7.0\classmate-1.7.0.jar;C:\Users\girish.k\.m2\repository\net\bytebuddy\byte-buddy\1.15.10\byte-buddy-1.15.10.jar;C:\Users\girish.k\.m2\repository\jakarta\xml\bind\jakarta.xml.bind-api\4.0.2\jakarta.xml.bind-api-4.0.2.jar;C:\Users\girish.k\.m2\repository\jakarta\activation\jakarta.activation-api\2.1.3\jakarta.activation-api-2.1.3.jar;C:\Users\girish.k\.m2\repository\org\glassfish\jaxb\jaxb-runtime\4.0.5\jaxb-runtime-4.0.5.jar;C:\Users\girish.k\.m2\repository\org\glassfish\jaxb\jaxb-core\4.0.5\jaxb-core-4.0.5.jar;C:\Users\girish.k\.m2\repository\org\eclipse\angus\angus-activation\2.0.2\angus-activation-2.0.2.jar;C:\Users\girish.k\.m2\repository\org\glassfish\jaxb\txw2\4.0.5\txw2-4.0.5.jar;C:\Users\girish.k\.m2\repository\com\sun\istack\istack-commons-runtime\4.1.2\istack-commons-runtime-4.1.2.jar;C:\Users\girish.k\.m2\repository\jakarta\inject\jakarta.inject-api\2.0.1\jakarta.inject-api-2.0.1.jar;C:\Users\girish.k\.m2\repository\org\antlr\antlr4-runtime\4.13.2\antlr4-runtime-4.13.2.jar
Launcher Type: SUN_STANDARD

[Global flags]
     intx CICompilerCount                          = 4                                         {product} {ergonomic}
     uint ConcGCThreads                            = 2                                         {product} {ergonomic}
     uint G1ConcRefinementThreads                  = 8                                         {product} {ergonomic}
   size_t G1HeapRegionSize                         = 2097152                                   {product} {ergonomic}
    uintx GCDrainStackTargetSize                   = 64                                        {product} {ergonomic}
   size_t InitialHeapSize                          = 266338304                                 {product} {ergonomic}
   size_t MarkStackSize                            = 4194304                                   {product} {ergonomic}
   size_t MaxHeapSize                              = 4246732800                                {product} {ergonomic}
   size_t MaxNewSize                               = 2548039680                                {product} {ergonomic}
   size_t MinHeapDeltaBytes                        = 2097152                                   {product} {ergonomic}
   size_t MinHeapSize                              = 8388608                                   {product} {ergonomic}
    uintx NonNMethodCodeHeapSize                   = 5839372                                {pd product} {ergonomic}
    uintx NonProfiledCodeHeapSize                  = 122909434                              {pd product} {ergonomic}
    uintx ProfiledCodeHeapSize                     = 122909434                              {pd product} {ergonomic}
    uintx ReservedCodeCacheSize                    = 251658240                              {pd product} {ergonomic}
     bool SegmentedCodeCache                       = true                                      {product} {ergonomic}
   size_t SoftMaxHeapSize                          = 4246732800                             {manageable} {ergonomic}
     bool UseCompressedClassPointers               = true                           {product lp64_product} {ergonomic}
     bool UseCompressedOops                        = true                           {product lp64_product} {ergonomic}
     bool UseG1GC                                  = true                                      {product} {ergonomic}
     bool UseLargePagesIndividualAllocation        = false                                  {pd product} {ergonomic}

Logging:
Log output configuration:
 #0: stdout all=warning uptime,level,tags
 #1: stderr all=off uptime,level,tags

Environment Variables:
JAVA_HOME=C:\Program Files\Java\jdk-17
PATH=C:\Windows\system32;C:\Windows;C:\Windows\System32\Wbem;C:\Windows\System32\WindowsPowerShell\v1.0\;C:\Windows\System32\OpenSSH\;C:\Program Files\dotnet\;C:\Program Files\Microsoft SQL Server\150\Tools\Binn\;C:\Program Files\Microsoft SQL Server\Client SDK\ODBC\170\Tools\Binn\;C:\Program Files\Common Files\Oracle\Java\javapath;C:\Users\girish.k\Desktop\sonar-scanner-cli-4.8.0.2856-windows\bin;C:\xampp\php;C:\ProgramData\ComposerSetup\bin;C:\Program Files\nodejs\;C:\Program Files\MySQL\MySQL Server 8.0\bin;C:\Users\girish.k\AppData\Local\Microsoft\WindowsApps;C:\Users\girish.k\AppData\Local\Programs\Microsoft VS Code\bin;C:\Users\girish.k\AppData\Local\Programs\Git\cmd;C:\Users\girish.k\AppData\Roaming\npm
USERNAME=girish.k
OS=Windows_NT
PROCESSOR_IDENTIFIER=Intel64 Family 6 Model 142 Stepping 12, GenuineIntel



---------------  S Y S T E M  ---------------

OS:
 Windows 10 , 64 bit Build 19041 (10.0.19041.2364)
OS uptime: 2 days 13:19 hours

CPU: total 8 (initial active 8) (4 cores per cpu, 2 threads per core) family 6 model 142 stepping 12 microcode 0xf0, cx8, cmov, fxsr, ht, mmx, 3dnowpref, sse, sse2, sse3, ssse3, sse4.1, sse4.2, popcnt, lzcnt, tsc, tscinvbit, avx, avx2, aes, erms, clmul, bmi1, bmi2, adx, fma, vzeroupper, clflush, clflushopt

Memory: 4k page, system-wide physical 16194M (3040M free)
TotalPageFile size 23568M (AvailPageFile size 4M)
current process WorkingSet (physical memory assigned to process): 78M, peak: 78M
current process commit charge ("private bytes"): 363M, peak: 364M

vm_info: Java HotSpot(TM) 64-Bit Server VM (17.0.7+8-LTS-224) for windows-amd64 JRE (17.0.7+8-LTS-224), built on Feb 28 2023 23:03:02 by "mach5one" with MS VC++ 17.1 (VS2022)

END.
